# QEMU configure log Fri Nov  3 11:01:24 EDT 2023
# Configured with: '/home/cloud-user/qemu-8.1.2/configure' '--target-list=ppc64-softmmu' '--enable-virtfs'

#

funcs: do_compiler do_cc compile_object check_define main
lines: 127 132 339 348 0
cc -c -o config-temp/qemu-conf.o config-temp/qemu-conf.c

funcs: do_compiler do_cc compile_object check_define main
lines: 127 132 339 421 0
cc -c -o config-temp/qemu-conf.o config-temp/qemu-conf.c
config-temp/qemu-conf.c:2:2: error: #error __i386__ not defined
 #error __i386__ not defined
  ^~~~~

funcs: do_compiler do_cc compile_object check_define main
lines: 127 132 339 423 0
cc -c -o config-temp/qemu-conf.o config-temp/qemu-conf.c

funcs: do_compiler do_cc compile_object check_define main
lines: 127 132 339 424 0
cc -c -o config-temp/qemu-conf.o config-temp/qemu-conf.c
config-temp/qemu-conf.c:2:2: error: #error __ILP32__ not defined
 #error __ILP32__ not defined
  ^~~~~

funcs: do_compiler do_cc compile_prog main
lines: 127 138 1127 0
cc -m64 -mcx16 -Werror -fPIE -DPIE -o config-temp/qemu-conf.exe config-temp/qemu-conf.c -pie

funcs: do_compiler do_cc compile_prog main
lines: 127 138 1186 0
cc -m64 -mcx16 -o config-temp/qemu-conf.exe config-temp/qemu-conf.c
config-temp/qemu-conf.c:2:3: error: #error LITTLE
 # error LITTLE
   ^~~~~

funcs: do_compiler do_cc compile_object main
lines: 127 132 1228 0
cc -m64 -mcx16 -Werror -c -o config-temp/qemu-conf.o config-temp/qemu-conf.c
